app/build/intermediates/manifest_merge_blame_file/release/manifest-merger-blame-release-report.txt
1<?xml version="1.0" encoding="utf-8"?>
2<manifest xmlns:android="http://schemas.android.com/apk/res/android"
3    package="com.example.madcamp_week1"
4    android:versionCode="1"
5    android:versionName="1.0" >
6
7    <uses-sdk
8        android:minSdkVersion="16"
8-->src\main\AndroidManifest.xml
9        android:targetSdkVersion="30" />
9-->src\main\AndroidManifest.xml
10
11    <uses-feature
11-->src\main\AndroidManifest.xml:5:5-6:35
12        android:name="android.hardware.camera"
12-->src\main\AndroidManifest.xml:5:19-57
13        android:required="false" />
13-->src\main\AndroidManifest.xml:6:9-33
14
15    <uses-permission
15-->src\main\AndroidManifest.xml:7:5-8:38
16        android:name="android.permission.WRITE_EXTERNAL_STORAGE"
16-->src\main\AndroidManifest.xml:7:22-78
17        android:maxSdkVersion="18" />
17-->src\main\AndroidManifest.xml:8:9-35
18    <uses-permission android:name="android.permission.INTERNET" />
18-->src\main\AndroidManifest.xml:9:5-66
18-->src\main\AndroidManifest.xml:9:22-64
19    <uses-permission android:name="android.permission.ACCESS_FINE_LOCATION" />
19-->src\main\AndroidManifest.xml:10:5-78
19-->src\main\AndroidManifest.xml:10:22-76
20    <uses-permission android:name="android.permission.READ_CONTACTS" />
20-->src\main\AndroidManifest.xml:11:5-72
20-->src\main\AndroidManifest.xml:11:22-69
21    <uses-permission android:name="android.permission.WRITE_CONTACTS" />
21-->src\main\AndroidManifest.xml:12:5-73
21-->src\main\AndroidManifest.xml:12:22-70
22
23    <application
23-->src\main\AndroidManifest.xml:14:5-52:19
24        android:allowBackup="true"
24-->src\main\AndroidManifest.xml:15:9-35
25        android:appComponentFactory="androidx.core.app.CoreComponentFactory"
25-->[androidx.core:core:1.3.0] AndroidManifest.xml:24:18-86
26        android:icon="@drawable/icon"
26-->src\main\AndroidManifest.xml:16:9-38
27        android:label="@string/app_name"
27-->src\main\AndroidManifest.xml:17:9-41
28        android:roundIcon="@drawable/icon"
28-->src\main\AndroidManifest.xml:18:9-43
29        android:supportsRtl="true"
29-->src\main\AndroidManifest.xml:19:9-35
30        android:theme="@style/AppTheme"
30-->src\main\AndroidManifest.xml:20:9-40
31        android:usesCleartextTraffic="true" >
31-->src\main\AndroidManifest.xml:21:9-44
32        <activity
32-->src\main\AndroidManifest.xml:22:9-31:20
33            android:name="com.example.madcamp_week1.MainActivity"
33-->src\main\AndroidManifest.xml:23:13-41
34            android:label="@string/app_name"
34-->src\main\AndroidManifest.xml:24:13-45
35            android:theme="@style/AppTheme.NoActionBar" >
35-->src\main\AndroidManifest.xml:25:13-56
36            <intent-filter>
36-->src\main\AndroidManifest.xml:26:13-30:29
37                <action android:name="android.intent.action.MAIN" />
37-->src\main\AndroidManifest.xml:27:17-69
37-->src\main\AndroidManifest.xml:27:25-66
38
39                <category android:name="android.intent.category.LAUNCHER" />
39-->src\main\AndroidManifest.xml:29:17-77
39-->src\main\AndroidManifest.xml:29:27-74
40            </intent-filter>
41        </activity>
42        <activity
42-->src\main\AndroidManifest.xml:33:9-40:20
43            android:name="com.example.madcamp_week1.SettingsActivity"
43-->src\main\AndroidManifest.xml:34:13-45
44            android:label="Settings"
44-->src\main\AndroidManifest.xml:36:13-37
45            android:parentActivityName="com.example.madcamp_week1.MainActivity" >
45-->src\main\AndroidManifest.xml:35:13-55
46            <meta-data
46-->src\main\AndroidManifest.xml:37:13-39:49
47                android:name="android.support.PARENT_ACTIVITY"
47-->src\main\AndroidManifest.xml:38:17-63
48                android:value=".MainActivity" />
48-->src\main\AndroidManifest.xml:39:17-46
49        </activity>
50
51        <provider
51-->src\main\AndroidManifest.xml:42:9-50:20
52            android:name="androidx.core.content.FileProvider"
52-->src\main\AndroidManifest.xml:43:13-62
53            android:authorities="com.example.android.fileprovider"
53-->src\main\AndroidManifest.xml:44:13-67
54            android:exported="false"
54-->src\main\AndroidManifest.xml:46:13-37
55            android:grantUriPermissions="true" >
55-->src\main\AndroidManifest.xml:45:13-47
56            <meta-data
56-->src\main\AndroidManifest.xml:47:13-49:53
57                android:name="android.support.FILE_PROVIDER_PATHS"
57-->src\main\AndroidManifest.xml:48:17-67
58                android:resource="@xml/filepaths" />
58-->src\main\AndroidManifest.xml:49:17-50
59        </provider>
60
61        <meta-data
61-->src\main\AndroidManifest.xml:51:9-106
62            android:name="com.kakao.sdk.AppKey"
62-->src\main\AndroidManifest.xml:51:20-55
63            android:value="3df3cc0f4286c9d37c972295fa7ce962" />
63-->src\main\AndroidManifest.xml:51:56-104
64
65        <provider
65-->[androidx.lifecycle:lifecycle-process:2.1.0] AndroidManifest.xml:23:9-27:43
66            android:name="androidx.lifecycle.ProcessLifecycleOwnerInitializer"
66-->[androidx.lifecycle:lifecycle-process:2.1.0] AndroidManifest.xml:24:13-79
67            android:authorities="com.example.madcamp_week1.lifecycle-process"
67-->[androidx.lifecycle:lifecycle-process:2.1.0] AndroidManifest.xml:25:13-69
68            android:exported="false"
68-->[androidx.lifecycle:lifecycle-process:2.1.0] AndroidManifest.xml:26:13-37
69            android:multiprocess="true" />
69-->[androidx.lifecycle:lifecycle-process:2.1.0] AndroidManifest.xml:27:13-40
70    </application>
71
72</manifest>